#
# A fatal error has been detected by the Java Runtime Environment:
#
#  EXCEPTION_ACCESS_VIOLATION (0xc0000005) at pc=0x00000000654ebe61, pid=9972, tid=7824
#
# JRE version: Java(TM) SE Runtime Environment (7.0_79-b15) (build 1.7.0_79-b15)
# Java VM: Java HotSpot(TM) 64-Bit Server VM (24.79-b02 mixed mode windows-amd64 compressed oops)
# Problematic frame:
# C  [nvoglv64.DLL+0xd5be61]
#
# Failed to write core dump. Minidumps are not enabled by default on client versions of Windows
#
# If you would like to submit a bug report, please visit:
#   http://bugreport.java.com/bugreport/crash.jsp
# The crash happened outside the Java Virtual Machine in native code.
# See problematic frame for where to report the bug.
#

---------------  T H R E A D  ---------------

Current thread (0x0000000014a37800):  JavaThread "AWT-EventQueue-0" [_thread_in_native, id=7824, stack(0x0000000015320000,0x0000000015420000)]

siginfo: ExceptionCode=0xc0000005, reading address 0x0000000000000000

Registers:
RAX=0x000000006003057c, RBX=0x0000000016ca2c74, RCX=0x0000000016ca2c88, RDX=0x0000000000000006
RSP=0x000000001541cbc0, RBP=0x0000000000000000, RSI=0x0000000000000003, RDI=0x0000000000000000
R8 =0x000000001b350080, R9 =0x0000000000000006, R10=0x000000001b350080, R11=0x0000000000000000
R12=0x00000000000006a1, R13=0x0000000000000000, R14=0x0000000000000000, R15=0x000000001b2a0000
RIP=0x00000000654ebe61, EFLAGS=0x0000000000010246

Top of Stack: (sp=0x000000001541cbc0)
0x000000001541cbc0:   000000001b350080 00000000ffffffff
0x000000001541cbd0:   0000000000000004 0000000000000000
0x000000001541cbe0:   000000001b350080 0000000000000004
0x000000001541cbf0:   0000000000000000 00000000654e3087
0x000000001541cc00:   000000001b58b8e8 0000000000000002
0x000000001541cc10:   000000001b2a0000 00000000ffffffff
0x000000001541cc20:   0000000000000000 0000000000000000
0x000000001541cc30:   0000000000000000 0000000003770dd0
0x000000001541cc40:   0000000000000001 0000000000000083
0x000000001541cc50:   0000000000000000 0000000000000000
0x000000001541cc60:   000000001b53dcf0 0000000000000000
0x000000001541cc70:   0000000000000000 0000000000000000
0x000000001541cc80:   0000000000000000 0000000000000000
0x000000001541cc90:   0000000000000000 0000000000000000
0x000000001541cca0:   0000000000000000 0000000000000000
0x000000001541ccb0:   4a02d7b71359d1a3 459709eac466d69d 

Instructions: (pc=0x00000000654ebe61)
0x00000000654ebe41:   f6 ff 49 8b 9f 90 9f 04 00 48 8b 5b 68 8b c6 48
0x00000000654ebe51:   83 c3 04 c1 e0 10 0d 7c 05 00 60 2b ee 89 43 fc
0x00000000654ebe61:   0f b7 07 48 83 c3 04 48 83 c7 08 66 41 03 c6 66
0x00000000654ebe71:   89 43 fc 0f b7 47 fc 66 41 03 c6 66 89 43 fe ff 


Register to memory mapping:

RAX=0x000000006003057c is an unknown value
RBX=0x0000000016ca2c74 is an unknown value
RCX=0x0000000016ca2c88 is an unknown value
RDX=0x0000000000000006 is an unknown value
RSP=0x000000001541cbc0 is pointing into the stack for thread: 0x0000000014a37800
RBP=0x0000000000000000 is an unknown value
RSI=0x0000000000000003 is an unknown value
RDI=0x0000000000000000 is an unknown value
R8 =0x000000001b350080 is an unknown value
R9 =0x0000000000000006 is an unknown value
R10=0x000000001b350080 is an unknown value
R11=0x0000000000000000 is an unknown value
R12=0x00000000000006a1 is an unknown value
R13=0x0000000000000000 is an unknown value
R14=0x0000000000000000 is an unknown value
R15=0x000000001b2a0000 is an unknown value


Stack: [0x0000000015320000,0x0000000015420000],  sp=0x000000001541cbc0,  free space=1010k
Native frames: (J=compiled Java code, j=interpreted, Vv=VM code, C=native code)
C  [nvoglv64.DLL+0xd5be61]

[error occurred during error reporting (printing native stack), id 0xc0000005]

Java frames: (J=compiled Java code, j=interpreted, Vv=VM code)
j  jogamp.opengl.gl4.GL4bcImpl.dispatch_glDrawElements1(IIIJJ)V+0
j  jogamp.opengl.gl4.GL4bcImpl.glDrawElements(IIIJ)V+53
j  game.render.Render.render(Lcom/jogamp/opengl/GL2;Lass2/spec/game/models/RawModel;)V+27
j  game.Game.display(Lcom/jogamp/opengl/GLAutoDrawable;)V+57
j  jogamp.opengl.GLDrawableHelper.displayImpl(Lcom/jogamp/opengl/GLAutoDrawable;)V+62
j  jogamp.opengl.GLDrawableHelper.display(Lcom/jogamp/opengl/GLAutoDrawable;)V+2
j  com.jogamp.opengl.awt.GLJPanel$Updater.display(Lcom/jogamp/opengl/GLAutoDrawable;)V+200
j  com.jogamp.opengl.awt.GLJPanel$10.run()V+11
j  jogamp.opengl.GLDrawableHelper.invokeGLImpl(Lcom/jogamp/opengl/GLDrawable;Lcom/jogamp/opengl/GLContext;Ljava/lang/Runnable;Ljava/lang/Runnable;)V+203
j  jogamp.opengl.GLDrawableHelper.invokeGL(Lcom/jogamp/opengl/GLDrawable;Lcom/jogamp/opengl/GLContext;Ljava/lang/Runnable;Ljava/lang/Runnable;)V+72
j  com.jogamp.opengl.awt.GLJPanel$OffscreenBackend.doPaintComponent(Ljava/awt/Graphics;)V+29
j  com.jogamp.opengl.awt.GLJPanel.paintComponent(Ljava/awt/Graphics;)V+224
j  javax.swing.JComponent.paint(Ljava/awt/Graphics;)V+286
j  javax.swing.JComponent.paintToOffscreen(Ljava/awt/Graphics;IIIIII)V+41
j  javax.swing.RepaintManager$PaintManager.paintDoubleBuffered(Ljavax/swing/JComponent;Ljava/awt/Image;Ljava/awt/Graphics;IIII)V+163
j  javax.swing.RepaintManager$PaintManager.paint(Ljavax/swing/JComponent;Ljavax/swing/JComponent;Ljava/awt/Graphics;IIII)Z+116
j  javax.swing.RepaintManager.paint(Ljavax/swing/JComponent;Ljavax/swing/JComponent;Ljava/awt/Graphics;IIII)V+52
j  javax.swing.JComponent._paintImmediately(IIII)V+683
j  javax.swing.JComponent.paintImmediately(IIII)V+138
j  javax.swing.RepaintManager$3.run()Ljava/lang/Void;+75
j  javax.swing.RepaintManager$3.run()Ljava/lang/Object;+1
v  ~StubRoutines::call_stub
j  java.security.AccessController.doPrivileged(Ljava/security/PrivilegedAction;Ljava/security/AccessControlContext;)Ljava/lang/Object;+0
j  java.security.ProtectionDomain$1.doIntersectionPrivilege(Ljava/security/PrivilegedAction;Ljava/security/AccessControlContext;Ljava/security/AccessControlContext;)Ljava/lang/Object;+28
j  javax.swing.RepaintManager.paintDirtyRegions(Ljava/util/Map;)V+154
j  javax.swing.RepaintManager.paintDirtyRegions()V+46
j  com.jogamp.opengl.util.AWTAnimatorImpl$1.run()V+374
j  java.awt.event.InvocationEvent.dispatch()V+11
j  java.awt.EventQueue.dispatchEventImpl(Ljava/awt/AWTEvent;Ljava/lang/Object;)V+21
j  java.awt.EventQueue.access$300(Ljava/awt/EventQueue;Ljava/awt/AWTEvent;Ljava/lang/Object;)V+3
j  java.awt.EventQueue$3.run()Ljava/lang/Void;+12
j  java.awt.EventQueue$3.run()Ljava/lang/Object;+1
v  ~StubRoutines::call_stub
j  java.security.AccessController.doPrivileged(Ljava/security/PrivilegedAction;Ljava/security/AccessControlContext;)Ljava/lang/Object;+0
j  java.security.ProtectionDomain$1.doIntersectionPrivilege(Ljava/security/PrivilegedAction;Ljava/security/AccessControlContext;Ljava/security/AccessControlContext;)Ljava/lang/Object;+28
j  java.awt.EventQueue.dispatchEvent(Ljava/awt/AWTEvent;)V+46
j  java.awt.EventDispatchThread.pumpOneEventForFilters(I)V+245
j  java.awt.EventDispatchThread.pumpEventsForFilter(ILjava/awt/Conditional;Ljava/awt/EventFilter;)V+35
j  java.awt.EventDispatchThread.pumpEventsForHierarchy(ILjava/awt/Conditional;Ljava/awt/Component;)V+11
j  java.awt.EventDispatchThread.pumpEvents(ILjava/awt/Conditional;)V+4
j  java.awt.EventDispatchThread.pumpEvents(Ljava/awt/Conditional;)V+3
j  java.awt.EventDispatchThread.run()V+9
v  ~StubRoutines::call_stub

---------------  P R O C E S S  ---------------

Java Threads: ( => current thread )
  0x0000000003563800 JavaThread "DestroyJavaVM" [_thread_blocked, id=5852, stack(0x0000000003400000,0x0000000003500000)]
  0x0000000015520800 JavaThread "main-FPSAWTAnimator#00-Timer0" [_thread_blocked, id=8516, stack(0x000000001b0a0000,0x000000001b1a0000)]
  0x0000000014a33800 JavaThread "main-SharedResourceRunner" daemon [_thread_blocked, id=11644, stack(0x0000000015420000,0x0000000015520000)]
=>0x0000000014a37800 JavaThread "AWT-EventQueue-0" [_thread_in_native, id=7824, stack(0x0000000015320000,0x0000000015420000)]
  0x0000000012d13000 JavaThread "AWT-Shutdown" [_thread_blocked, id=11892, stack(0x0000000015220000,0x0000000015320000)]
  0x0000000012d0b000 JavaThread "AWT-Windows" daemon [_thread_in_native, id=14360, stack(0x0000000013780000,0x0000000013880000)]
  0x0000000012d12800 JavaThread "Java2D Disposer" daemon [_thread_blocked, id=10192, stack(0x0000000013580000,0x0000000013680000)]
  0x0000000012c7b000 JavaThread "Monitor Ctrl-Break" daemon [_thread_in_native, id=5208, stack(0x0000000013350000,0x0000000013450000)]
  0x000000000365e000 JavaThread "Service Thread" daemon [_thread_blocked, id=2100, stack(0x0000000013150000,0x0000000013250000)]
  0x000000000365b800 JavaThread "C2 CompilerThread1" daemon [_thread_blocked, id=12520, stack(0x0000000013050000,0x0000000013150000)]
  0x0000000003658000 JavaThread "C2 CompilerThread0" daemon [_thread_blocked, id=14220, stack(0x0000000012f50000,0x0000000013050000)]
  0x0000000012984800 JavaThread "Attach Listener" daemon [_thread_blocked, id=152, stack(0x0000000012e50000,0x0000000012f50000)]
  0x0000000003654800 JavaThread "Signal Dispatcher" daemon [_thread_blocked, id=6240, stack(0x0000000012d50000,0x0000000012e50000)]
  0x0000000010950800 JavaThread "Finalizer" daemon [_thread_blocked, id=7984, stack(0x0000000012850000,0x0000000012950000)]
  0x000000001094a000 JavaThread "Reference Handler" daemon [_thread_blocked, id=11192, stack(0x0000000012750000,0x0000000012850000)]

Other Threads:
  0x0000000010945000 VMThread [stack: 0x0000000012650000,0x0000000012750000] [id=7156]
  0x00000000129a9800 WatcherThread [stack: 0x0000000013250000,0x0000000013350000] [id=14836]

VM state:not at safepoint (normal execution)

VM Mutex/Monitor currently owned by a thread: None

Heap
 PSYoungGen      total 76288K, used 43891K [0x00000007ab100000, 0x00000007b0600000, 0x0000000800000000)
  eden space 65536K, 66% used [0x00000007ab100000,0x00000007adbdceb8,0x00000007af100000)
  from space 10752K, 0% used [0x00000007afb80000,0x00000007afb80000,0x00000007b0600000)
  to   space 10752K, 0% used [0x00000007af100000,0x00000007af100000,0x00000007afb80000)
 ParOldGen       total 173568K, used 0K [0x0000000701400000, 0x000000070bd80000, 0x00000007ab100000)
  object space 173568K, 0% used [0x0000000701400000,0x0000000701400000,0x000000070bd80000)
 PSPermGen       total 21504K, used 15480K [0x00000006fc200000, 0x00000006fd700000, 0x0000000701400000)
  object space 21504K, 71% used [0x00000006fc200000,0x00000006fd11e0a0,0x00000006fd700000)

Card table byte_map: [0x00000000067e0000,0x0000000007000000] byte_map_base: 0x0000000002fff000

Polling page: 0x0000000001440000

Code Cache  [0x0000000003720000, 0x0000000003990000, 0x0000000006720000)
 total_blobs=849 nmethods=72 adapters=729 free_code_cache=48275Kb largest_free_block=49413632

Compilation events (10 events):
Event: 2.482 Thread 0x000000000365b800 nmethod 67% 0x00000000037e6e50 code [0x00000000037e6fc0, 0x00000000037e73c8]
Event: 2.483 Thread 0x000000000365b800   68             java.lang.Class::searchFields (41 bytes)
Event: 2.488 Thread 0x000000000365b800 nmethod 68 0x00000000037e6610 code [0x00000000037e6780, 0x00000000037e6b18]
Event: 2.531 Thread 0x000000000365b800   69             sun.java2d.loops.GraphicsPrimitive::getUniqueID (5 bytes)
Event: 2.532 Thread 0x000000000365b800 nmethod 69 0x00000000037f2150 code [0x00000000037f2280, 0x00000000037f22d8]
Event: 2.559 Thread 0x0000000003658000   70             java.util.Arrays::binarySearch0 (95 bytes)
Event: 2.560 Thread 0x000000000365b800   71             sun.java2d.loops.GraphicsPrimitiveMgr$2::compare (39 bytes)
Event: 2.561 Thread 0x000000000365b800 nmethod 71 0x00000000037ef810 code [0x00000000037ef960, 0x00000000037efa38]
Event: 2.562 Thread 0x0000000003658000 nmethod 70 0x00000000037f3610 code [0x00000000037f3760, 0x00000000037f3918]
Event: 2.736 Thread 0x000000000365b800   72   !         sun.misc.URLClassPath$JarLoader::getResource (91 bytes)

GC Heap History (0 events):
No events

Deoptimization events (1 events):
Event: 2.381 Thread 0x0000000014a33800 Uncommon trap: reason=unreached action=reinterpret pc=0x00000000037e5764 method=java.lang.Class.searchFields([Ljava/lang/reflect/Field;Ljava/lang/String;)Ljava/lang/reflect/Field; @ 20

Internal exceptions (10 events):
Event: 2.750 Thread 0x0000000014a37800 Threw 0x00000007ada9af28 at C:\re\jdk7u79\2331\hotspot\src\share\vm\prims\jvm.cpp:1304
Event: 2.751 Thread 0x0000000014a37800 Threw 0x00000007adaa67d8 at C:\re\jdk7u79\2331\hotspot\src\share\vm\prims\jvm.cpp:1304
Event: 2.752 Thread 0x0000000014a37800 Threw 0x00000007adaaaf50 at C:\re\jdk7u79\2331\hotspot\src\share\vm\prims\jvm.cpp:1304
Event: 2.753 Thread 0x0000000014a37800 Threw 0x00000007adaafbc8 at C:\re\jdk7u79\2331\hotspot\src\share\vm\prims\jvm.cpp:1304
Event: 2.753 Thread 0x0000000014a37800 Threw 0x00000007adab6110 at C:\re\jdk7u79\2331\hotspot\src\share\vm\prims\jvm.cpp:1304
Event: 2.754 Thread 0x0000000014a37800 Threw 0x00000007adabb5b8 at C:\re\jdk7u79\2331\hotspot\src\share\vm\prims\jvm.cpp:1304
Event: 2.757 Thread 0x0000000014a37800 Threw 0x00000007adac1f68 at C:\re\jdk7u79\2331\hotspot\src\share\vm\prims\jvm.cpp:1304
Event: 2.757 Thread 0x0000000014a37800 Threw 0x00000007adac5e40 at C:\re\jdk7u79\2331\hotspot\src\share\vm\prims\jvm.cpp:1304
Event: 2.759 Thread 0x0000000014a37800 Threw 0x00000007adac8bb0 at C:\re\jdk7u79\2331\hotspot\src\share\vm\prims\jvm.cpp:1304
Event: 2.759 Thread 0x0000000014a37800 Threw 0x00000007adacc8d0 at C:\re\jdk7u79\2331\hotspot\src\share\vm\prims\jvm.cpp:1304

Events (10 events):
Event: 2.757 loading class 0x0000000012b01080
Event: 2.757 loading class 0x0000000012b01080 done
Event: 2.757 loading class 0x0000000012b00e70
Event: 2.757 loading class 0x0000000012b00e70 done
Event: 2.758 loading class 0x00000000129d0c10
Event: 2.758 loading class 0x00000000129d0c10 done
Event: 2.759 loading class 0x0000000012bd54e0
Event: 2.759 loading class 0x0000000012bd54e0 done
Event: 2.759 loading class 0x0000000012b0c860
Event: 2.759 loading class 0x0000000012b0c860 done


Dynamic libraries:
0x00007ff7a2420000 - 0x00007ff7a2453000 	C:\Program Files\Java\jdk1.7.0_79\bin\java.exe
0x00007ffeec910000 - 0x00007ffeecad1000 	C:\WINDOWS\SYSTEM32\ntdll.dll
0x00007ffeeb7b0000 - 0x00007ffeeb85d000 	C:\WINDOWS\system32\KERNEL32.DLL
0x00007ffee8d70000 - 0x00007ffee8f58000 	C:\WINDOWS\system32\KERNELBASE.dll
0x00007ffeeb6f0000 - 0x00007ffeeb797000 	C:\WINDOWS\system32\ADVAPI32.dll
0x00007ffeebb20000 - 0x00007ffeebbbd000 	C:\WINDOWS\system32\msvcrt.dll
0x00007ffeebbe0000 - 0x00007ffeebc3b000 	C:\WINDOWS\system32\sechost.dll
0x00007ffeebe50000 - 0x00007ffeebf6c000 	C:\WINDOWS\system32\RPCRT4.dll
0x00007ffeeb500000 - 0x00007ffeeb656000 	C:\WINDOWS\system32\USER32.dll
0x00007ffeebc50000 - 0x00007ffeebdd6000 	C:\WINDOWS\system32\GDI32.dll
0x00007ffee4690000 - 0x00007ffee4904000 	C:\WINDOWS\WinSxS\amd64_microsoft.windows.common-controls_6595b64144ccf1df_6.0.10586.589_none_a2ddb3caa539acce\COMCTL32.dll
0x00007ffeebf70000 - 0x00007ffeec1ed000 	C:\WINDOWS\system32\combase.dll
0x00007ffee92b0000 - 0x00007ffee931a000 	C:\WINDOWS\system32\bcryptPrimitives.dll
0x00007ffee9d00000 - 0x00007ffee9d3b000 	C:\WINDOWS\system32\IMM32.DLL
0x00007ffee8bf0000 - 0x00007ffee8c22000 	C:\Windows\system32\nvinitx.dll
0x00007ffee8be0000 - 0x00007ffee8bea000 	C:\WINDOWS\SYSTEM32\VERSION.dll
0x00000000674f0000 - 0x00000000675c2000 	C:\Program Files\Java\jdk1.7.0_79\jre\bin\msvcr100.dll
0x0000000066d10000 - 0x00000000674e5000 	C:\Program Files\Java\jdk1.7.0_79\jre\bin\server\jvm.dll
0x00007ffee9a30000 - 0x00007ffee9a53000 	C:\WINDOWS\system32\WINMM.dll
0x00007ffee8d40000 - 0x00007ffee8d6c000 	C:\WINDOWS\system32\WINMMBASE.dll
0x00007ffedb100000 - 0x00007ffedb109000 	C:\WINDOWS\SYSTEM32\WSOCK32.dll
0x00007ffee99e0000 - 0x00007ffee9a23000 	C:\WINDOWS\system32\cfgmgr32.dll
0x00007ffeebc40000 - 0x00007ffeebc48000 	C:\WINDOWS\system32\PSAPI.DLL
0x00007ffeebde0000 - 0x00007ffeebe4b000 	C:\WINDOWS\system32\WS2_32.dll
0x00000000688d0000 - 0x00000000688df000 	C:\Program Files\Java\jdk1.7.0_79\jre\bin\verify.dll
0x0000000068230000 - 0x0000000068258000 	C:\Program Files\Java\jdk1.7.0_79\jre\bin\java.dll
0x0000000068210000 - 0x0000000068225000 	C:\Program Files\Java\jdk1.7.0_79\jre\bin\zip.dll
0x00007ffee3260000 - 0x00007ffee3270000 	C:\Program Files (x86)\JetBrains\IntelliJ IDEA Community Edition 2016.1.1\bin\breakgen64.dll
0x0000000066cf0000 - 0x0000000066d0a000 	C:\Program Files\Java\jdk1.7.0_79\jre\bin\net.dll
0x00007ffee8580000 - 0x00007ffee85dc000 	C:\WINDOWS\system32\mswsock.dll
0x0000000066910000 - 0x0000000066aa5000 	C:\Program Files\Java\jdk1.7.0_79\jre\bin\awt.dll
0x00007ffeec410000 - 0x00007ffeec4d6000 	C:\WINDOWS\system32\OLEAUT32.dll
0x00007ffee7280000 - 0x00007ffee72f9000 	C:\WINDOWS\system32\apphelp.dll
0x00007ffee45b0000 - 0x00007ffee45d2000 	C:\WINDOWS\system32\DWMAPI.DLL
0x00007ffee74e0000 - 0x00007ffee7576000 	C:\WINDOWS\system32\uxtheme.dll
0x00007ffeec1f0000 - 0x00007ffeec34a000 	C:\WINDOWS\system32\MSCTF.dll
0x00007ffeeb3b0000 - 0x00007ffeeb4f3000 	C:\WINDOWS\system32\ole32.dll
0x00007ffee8d20000 - 0x00007ffee8d2f000 	C:\WINDOWS\system32\kernel.appcore.dll
0x00007ffee9d40000 - 0x00007ffeeb29c000 	C:\WINDOWS\system32\SHELL32.dll
0x00007ffee9370000 - 0x00007ffee99b5000 	C:\WINDOWS\system32\windows.storage.dll
0x00007ffeec350000 - 0x00007ffeec3a2000 	C:\WINDOWS\system32\shlwapi.dll
0x00007ffee8f60000 - 0x00007ffee9015000 	C:\WINDOWS\system32\shcore.dll
0x00007ffee9320000 - 0x00007ffee936b000 	C:\WINDOWS\system32\powrprof.dll
0x00007ffee8d00000 - 0x00007ffee8d14000 	C:\WINDOWS\system32\profapi.dll
0x00007ffee8630000 - 0x00007ffee8647000 	C:\WINDOWS\SYSTEM32\CRYPTSP.dll
0x00007ffee82c0000 - 0x00007ffee82f4000 	C:\WINDOWS\system32\rsaenh.dll
0x00007ffee8c30000 - 0x00007ffee8c59000 	C:\WINDOWS\SYSTEM32\bcrypt.dll
0x00007ffee8410000 - 0x00007ffee842f000 	C:\WINDOWS\SYSTEM32\USERENV.dll
0x00007ffee8750000 - 0x00007ffee875b000 	C:\WINDOWS\SYSTEM32\CRYPTBASE.dll
0x00007ffee5de0000 - 0x00007ffee5e18000 	C:\WINDOWS\SYSTEM32\IPHLPAPI.DLL
0x00007ffeeb7a0000 - 0x00007ffeeb7a8000 	C:\WINDOWS\system32\NSI.dll
0x00007ffedf180000 - 0x00007ffedf196000 	C:\WINDOWS\SYSTEM32\dhcpcsvc6.DLL
0x00007ffedf0d0000 - 0x00007ffedf0ea000 	C:\WINDOWS\SYSTEM32\dhcpcsvc.DLL
0x0000000066cd0000 - 0x0000000066ce1000 	C:\Program Files\Java\jdk1.7.0_79\jre\bin\nio.dll
0x00000000637c0000 - 0x00000000637cd000 	C:\Users\Matthew\AppData\Local\Temp\jogamp_0000\file_cache\jln3004491252063911915\jln8231540378137963418\natives\windows-amd64\gluegen-rt.dll
0x0000000068200000 - 0x0000000068207000 	C:\Program Files\Java\jdk1.7.0_79\jre\bin\jawt.dll
0x000000006a440000 - 0x000000006a44d000 	C:\Users\Matthew\AppData\Local\Temp\jogamp_0000\file_cache\jln3004491252063911915\jln8231540378137963418\natives\windows-amd64\nativewindow_awt.dll
0x000000006c100000 - 0x000000006c10f000 	C:\Users\Matthew\AppData\Local\Temp\jogamp_0000\file_cache\jln3004491252063911915\jln8231540378137963418\natives\windows-amd64\nativewindow_win32.dll
0x00007ffed9fb0000 - 0x00007ffeda0d9000 	C:\WINDOWS\SYSTEM32\OpenGL32.dll
0x00007ffeeba20000 - 0x00007ffeebb1a000 	C:\WINDOWS\system32\DDRAW.dll
0x00007ffee92a0000 - 0x00007ffee92a8000 	C:\WINDOWS\system32\DCIMAN32.dll
0x00007ffedf8e0000 - 0x00007ffedf90e000 	C:\WINDOWS\SYSTEM32\GLU32.dll
0x0000000064500000 - 0x00000000645b1000 	C:\Users\Matthew\AppData\Local\Temp\jogamp_0000\file_cache\jln3004491252063911915\jln8231540378137963418\natives\windows-amd64\jogl_desktop.dll
0x0000000064340000 - 0x00000000643a2000 	C:\Users\Matthew\AppData\Local\Temp\jogamp_0000\file_cache\jln3004491252063911915\jln8231540378137963418\natives\windows-amd64\jogl_mobile.dll
0x0000000064790000 - 0x0000000066901000 	C:\WINDOWS\SYSTEM32\nvoglv64.DLL
0x00007ffeec4e0000 - 0x00007ffeec909000 	C:\WINDOWS\system32\SETUPAPI.dll
0x00007ffee6c50000 - 0x00007ffee6c63000 	C:\WINDOWS\SYSTEM32\WTSAPI32.dll
0x00007ffedb330000 - 0x00007ffedb4bc000 	C:\WINDOWS\SYSTEM32\Dbghelp.dll
0x00007ffee74b0000 - 0x00007ffee74d7000 	C:\WINDOWS\SYSTEM32\DEVOBJ.dll
0x00007ffee9af0000 - 0x00007ffee9b45000 	C:\WINDOWS\system32\WINTRUST.dll
0x00007ffee8d30000 - 0x00007ffee8d40000 	C:\WINDOWS\system32\MSASN1.dll
0x00007ffee9020000 - 0x00007ffee91e8000 	C:\WINDOWS\system32\CRYPT32.dll
0x00007ffee81a0000 - 0x00007ffee81d1000 	C:\WINDOWS\SYSTEM32\ntmarta.dll
0x00007ffee8ae0000 - 0x00007ffee8b36000 	C:\WINDOWS\SYSTEM32\WINSTA.dll
0x0000000066c80000 - 0x0000000066cc7000 	C:\Program Files\Java\jdk1.7.0_79\jre\bin\fontmanager.dll
0x0000000180000000 - 0x0000000180070000 	C:\Program Files (x86)\DisplayFusion\Hooks\AppHookWIN6064_729CB3DB-53F6-42C9-B487-2C2DDB2E2A9B.dll

VM Arguments:
jvm_args: -Didea.launcher.port=7532 -Didea.launcher.bin.path=C:\Program Files (x86)\JetBrains\IntelliJ IDEA Community Edition 2016.1.1\bin -Dfile.encoding=UTF-8 
java_command: com.intellij.rt.execution.application.AppMain game.Game test1.txt
Launcher Type: SUN_STANDARD

Environment Variables:
JAVA_HOME=C:\Program Files\Java\jdk1.8.0_45
CLASSPATH=.;C:\Program Files\Java\jdk1.8.0_45\lib\dt.jar;C:\Program Files\Java\jdk1.8.0_45\lib\tools.jar ;c:\Program Files (x86)\Java\jre1.8.0_60\lib\ext\QTJava.zip
PATH=D:\perl64\site\bin;D:\perl64\bin;C:\Program Files\Java\jdk1.8.0_45\bin;C:\Program Files\Java\jdk1.7.0_79\bin;C:\WINDOWS\system32;C:\WINDOWS;C:\WINDOWS\System32\Wbem;C:\WINDOWS\System32\WindowsPowerShell\v1.0\;c:\Program Files (x86)\QuickTime\QTSystem\;C:\Program Files (x86)\Skype\Phone\;C:\Program Files\Common Files\Autodesk Shared\;C:\Program Files (x86)\Autodesk\Backburner\;D:\gradle-2.12/bin;C:\Program Files (x86)\MiKTeX 2.9\miktex\bin\;C:\Program Files\Git\cmd;D:\php\php-5.6.21-nts-Win32-VC11-x64;C:\Program Files (x86)\GnuWin32\bin;C:\Python27\;C:\Users\Matthew\.dnx\bin;C:\Program Files\Microsoft DNX\Dnvm\;C:\Program Files (x86)\Windows Kits\8.1\Windows Performance Toolkit\;C:\Program Files\Microsoft SQL Server\130\Tools\Binn\;C:\Program Files (x86)\NVIDIA Corporation\PhysX\Common;D:\Mathlab\runtime\win64;D:\Mathlab\bin;D:\Maven\apache-maven-3.3.3-bin\apache-maven-3.3.3\bin;C:\MinGW\bin;
USERNAME=Matthew
OS=Windows_NT
PROCESSOR_IDENTIFIER=Intel64 Family 6 Model 60 Stepping 3, GenuineIntel



---------------  S Y S T E M  ---------------

OS: Windows 8.1 , 64 bit Build 9600 

CPU:total 8 (4 cores per cpu, 2 threads per core) family 6 model 60 stepping 3, cmov, cx8, fxsr, mmx, sse, sse2, sse3, ssse3, sse4.1, sse4.2, popcnt, avx, avx2, aes, erms, ht, tsc, tscinvbit

Memory: 4k page, physical 16695132k(9228268k free), swap 17743708k(5345716k free)

vm_info: Java HotSpot(TM) 64-Bit Server VM (24.79-b02) for windows-amd64 JRE (1.7.0_79-b15), built on Apr 10 2015 12:36:16 by "java_re" with unknown MS VC++:1600

time: Fri Sep 30 15:32:09 2016
elapsed time: 2 seconds

